2025-03-20 11:04:49 [main] INFO  Utils - [TestNG] Running:
  C:\Users\HARISH\eclipse-workspace\Opencart123\src\main\java\testCases\testng.xml

2025-03-20 11:06:16 [main] INFO  Utils - [TestNG] Running:
  C:\Users\HARISH\eclipse-workspace\Opencart123\src\main\java\testCases\testng.xml

2025-03-20 11:11:07 [main] INFO  Utils - [TestNG] Running:
  C:\Users\HARISH\eclipse-workspace\Opencart123\src\main\java\testCases\testng.xml

2025-03-20 11:13:24 [main] INFO  Utils - [TestNG] Running:
  C:\Users\HARISH\eclipse-workspace\Opencart123\src\main\java\testCases\testng.xml

2025-03-20 11:29:05 [main] INFO  Utils - [TestNG] Running:
  C:\Users\HARISH\eclipse-workspace\Opencart123\src\main\resources\Grouping.xml

2025-03-20 11:29:14 [main] INFO  tc001_registerationtest - Starting tc001...
2025-03-20 11:29:17 [main] INFO  tc001_registerationtest - Selecting radio button and accepting terms
2025-03-20 11:29:18 [main] INFO  tc001_registerationtest - Ending tc001...
2025-03-20 11:29:22 [main] INFO  tc002_Login - ......Started testcase 2 .........
2025-03-20 11:29:25 [main] INFO  tc002_Login - .............Ended testcase 2..........
2025-03-20 12:41:13 [main] INFO  Utils - [TestNG] Running:
  C:\Users\HARISH\eclipse-workspace\Opencart123\src\main\resources\Mastersuit.xml

2025-03-20 12:41:20 [main] INFO  tc001_registerationtest - Starting tc001...
2025-03-20 12:41:21 [main] INFO  tc001_registerationtest - Selecting radio button and accepting terms
2025-03-20 12:41:23 [main] INFO  tc001_registerationtest - Ending tc001...
2025-03-20 12:41:29 [main] INFO  tc002_Login - ......Started testcase 2 .........
2025-03-20 12:41:31 [main] INFO  tc002_Login - .............Ended testcase 2..........
2025-03-20 12:44:57 [main] INFO  Utils - [TestNG] Running:
  C:\Users\HARISH\eclipse-workspace\Opencart123\src\main\resources\Mastersuit.xml

2025-03-20 12:45:05 [main] INFO  tc001_registerationtest - Starting tc001...
2025-03-20 12:45:06 [main] INFO  tc001_registerationtest - Selecting radio button and accepting terms
2025-03-20 12:45:08 [main] INFO  tc001_registerationtest - Ending tc001...
2025-03-20 12:45:14 [main] INFO  tc002_Login - ......Started testcase 2 .........
2025-03-20 12:48:33 [main] INFO  Utils - [TestNG] Running:
  C:\Users\HARISH\eclipse-workspace\Opencart123\src\main\resources\Mastersuit.xml

2025-03-20 12:48:40 [main] INFO  tc001_registerationtest - Starting tc001...
2025-03-20 12:48:41 [main] INFO  tc001_registerationtest - Selecting radio button and accepting terms
2025-03-20 12:48:43 [main] INFO  tc001_registerationtest - Ending tc001...
2025-03-20 12:48:49 [main] INFO  tc002_Login - ......Started testcase 2 .........
2025-03-20 13:02:17 [main] INFO  Utils - [TestNG] Running:
  C:\Users\HARISH\eclipse-workspace\Opencart123\src\main\resources\Mastersuit.xml

2025-03-20 13:02:24 [main] INFO  tc001_registerationtest - Starting tc001...
2025-03-20 13:02:25 [main] INFO  tc001_registerationtest - Selecting radio button and accepting terms
2025-03-20 13:02:27 [main] INFO  tc001_registerationtest - Ending tc001...
2025-03-20 13:02:33 [main] INFO  tc002_Login - ......Started testcase 2 .........
2025-03-20 13:12:42 [main] INFO  Utils - [TestNG] Running:
  C:\Users\HARISH\eclipse-workspace\Opencart123\src\main\resources\Mastersuit.xml

2025-03-20 13:12:49 [main] INFO  tc001_registerationtest - Starting tc001...
2025-03-20 13:12:50 [main] INFO  tc001_registerationtest - Selecting radio button and accepting terms
2025-03-20 13:12:51 [main] INFO  tc001_registerationtest - Ending tc001...
2025-03-20 13:12:58 [main] INFO  tc002_Login - ......Started testcase 2 .........
2025-03-20 13:19:03 [main] INFO  Utils - [TestNG] Running:
  C:\Users\HARISH\eclipse-workspace\Opencart123\src\main\resources\Mastersuit.xml

2025-03-20 13:19:10 [main] INFO  tc001_registerationtest - Starting tc001...
2025-03-20 13:19:12 [main] INFO  tc001_registerationtest - Selecting radio button and accepting terms
2025-03-20 13:19:13 [main] INFO  tc001_registerationtest - Ending tc001...
2025-03-20 13:19:20 [main] INFO  tc002_Login - ......Started testcase 2 .........
2025-03-20 13:23:32 [main] INFO  Utils - [TestNG] Running:
  C:\Users\HARISH\eclipse-workspace\Opencart123\src\main\resources\Mastersuit.xml

2025-03-20 13:23:39 [main] INFO  tc001_registerationtest - Starting tc001...
2025-03-20 13:23:40 [main] INFO  tc001_registerationtest - Selecting radio button and accepting terms
2025-03-20 13:23:42 [main] INFO  tc001_registerationtest - Ending tc001...
2025-03-20 13:23:48 [main] INFO  tc002_Login - ......Started testcase 2 .........
2025-03-20 13:32:04 [main] INFO  Utils - [TestNG] Running:
  C:\Users\HARISH\eclipse-workspace\Opencart123\src\main\resources\Mastersuit.xml

2025-03-20 13:32:11 [main] INFO  tc001_registerationtest - Starting tc001...
2025-03-20 13:32:12 [main] INFO  tc001_registerationtest - Selecting radio button and accepting terms
2025-03-20 13:32:13 [main] INFO  tc001_registerationtest - Ending tc001...
2025-03-20 13:32:20 [main] INFO  tc002_Login - ......Started testcase 2 .........
2025-03-20 13:38:19 [main] INFO  Utils - [TestNG] Running:
  C:\Users\HARISH\eclipse-workspace\Opencart123\src\main\resources\Mastersuit.xml

2025-03-20 13:38:25 [main] INFO  tc001_registerationtest - Starting tc001...
2025-03-20 13:38:26 [main] INFO  tc001_registerationtest - Selecting radio button and accepting terms
2025-03-20 13:38:27 [main] INFO  tc001_registerationtest - Ending tc001...
2025-03-20 13:38:34 [main] INFO  tc002_Login - ......Started testcase 2 .........
2025-03-20 14:11:06 [main] INFO  Utils - [TestNG] Running:
  C:\Users\HARISH\eclipse-workspace\Opencart123\src\main\resources\Mastersuit.xml

2025-03-20 14:11:13 [main] INFO  tc001_registerationtest - Starting tc001...
2025-03-20 14:11:14 [main] INFO  tc001_registerationtest - Selecting radio button and accepting terms
2025-03-20 14:11:15 [main] INFO  tc001_registerationtest - Ending tc001...
2025-03-20 14:11:22 [main] INFO  tc002_Login - ......Started testcase 2 .........
2025-03-20 14:14:09 [main] INFO  Utils - [TestNG] Running:
  C:\Users\HARISH\eclipse-workspace\Opencart123\src\main\resources\Mastersuit.xml

2025-03-20 14:14:16 [main] INFO  tc001_registerationtest - Starting tc001...
2025-03-20 14:14:17 [main] INFO  tc001_registerationtest - Selecting radio button and accepting terms
2025-03-20 14:14:18 [main] INFO  tc001_registerationtest - Ending tc001...
2025-03-20 14:14:25 [main] INFO  tc002_Login - ......Started testcase 2 .........
2025-03-20 14:23:42 [main] INFO  Utils - [TestNG] Running:
  C:\Users\HARISH\eclipse-workspace\Opencart123\src\main\resources\Mastersuit.xml

2025-03-20 14:23:49 [main] INFO  tc001_registerationtest - Starting tc001...
2025-03-20 14:23:50 [main] INFO  tc001_registerationtest - Selecting radio button and accepting terms
2025-03-20 14:23:51 [main] INFO  tc001_registerationtest - Ending tc001...
2025-03-20 14:23:59 [main] INFO  tc002_Login - ......Started testcase 2 .........
2025-03-20 14:28:11 [main] INFO  Utils - [TestNG] Running:
  C:\Users\HARISH\eclipse-workspace\Opencart123\src\main\resources\Mastersuit.xml

2025-03-20 14:28:18 [main] INFO  tc001_registerationtest - Starting tc001...
2025-03-20 14:28:19 [main] INFO  tc001_registerationtest - Selecting radio button and accepting terms
2025-03-20 14:28:20 [main] INFO  tc001_registerationtest - Ending tc001...
2025-03-20 14:28:26 [main] INFO  tc002_Login - ......Started testcase 2 .........
2025-03-20 14:30:56 [main] INFO  Utils - [TestNG] Running:
  C:\Users\HARISH\eclipse-workspace\Opencart123\src\main\resources\Mastersuit.xml

2025-03-20 14:31:02 [main] INFO  tc001_registerationtest - Starting tc001...
2025-03-20 14:31:04 [main] INFO  tc001_registerationtest - Selecting radio button and accepting terms
2025-03-20 14:31:05 [main] INFO  tc001_registerationtest - Ending tc001...
2025-03-20 14:31:12 [main] INFO  tc002_Login - ......Started testcase 2 .........
2025-03-20 14:33:51 [main] INFO  Utils - [TestNG] Running:
  C:\Users\HARISH\eclipse-workspace\Opencart123\src\main\resources\Mastersuit.xml

2025-03-20 14:33:57 [main] INFO  tc001_registerationtest - Starting tc001...
2025-03-20 14:33:58 [main] INFO  tc001_registerationtest - Selecting radio button and accepting terms
2025-03-20 14:34:00 [main] INFO  tc001_registerationtest - Ending tc001...
2025-03-20 14:34:06 [main] INFO  tc002_Login - ......Started testcase 2 .........
2025-03-20 14:35:42 [main] INFO  Utils - [TestNG] Running:
  C:\Users\HARISH\eclipse-workspace\Opencart123\src\main\resources\Mastersuit.xml

2025-03-20 14:35:49 [main] INFO  tc001_registerationtest - Starting tc001...
2025-03-20 14:35:54 [main] INFO  tc001_registerationtest - Selecting radio button and accepting terms
2025-03-20 14:35:56 [main] INFO  tc001_registerationtest - Ending tc001...
2025-03-20 14:36:02 [main] INFO  tc002_Login - ......Started testcase 2 .........
2025-03-20 14:37:49 [main] INFO  Utils - [TestNG] Running:
  C:\Users\HARISH\eclipse-workspace\Opencart123\src\main\resources\Mastersuit.xml

2025-03-20 14:37:56 [main] INFO  tc001_registerationtest - Starting tc001...
2025-03-20 14:37:57 [main] INFO  tc001_registerationtest - Selecting radio button and accepting terms
2025-03-20 14:37:58 [main] INFO  tc001_registerationtest - Ending tc001...
2025-03-20 14:38:05 [main] INFO  tc002_Login - ......Started testcase 2 .........
2025-03-20 14:41:10 [main] INFO  Utils - [TestNG] Running:
  C:\Users\HARISH\eclipse-workspace\Opencart123\src\main\resources\Mastersuit.xml

2025-03-20 14:41:17 [main] INFO  tc001_registerationtest - Starting tc001...
2025-03-20 14:41:18 [main] INFO  tc001_registerationtest - Selecting radio button and accepting terms
2025-03-20 14:41:19 [main] INFO  tc001_registerationtest - Ending tc001...
2025-03-20 14:41:26 [main] INFO  tc002_Login - ......Started testcase 2 .........
2025-03-20 14:48:12 [main] INFO  Utils - [TestNG] Running:
  C:\Users\HARISH\eclipse-workspace\Opencart123\src\main\resources\Mastersuit.xml

2025-03-20 14:48:18 [main] INFO  tc001_registerationtest - Starting tc001...
2025-03-20 14:48:20 [main] INFO  tc001_registerationtest - Selecting radio button and accepting terms
2025-03-20 14:48:21 [main] INFO  tc001_registerationtest - Ending tc001...
2025-03-20 14:48:27 [main] INFO  tc002_Login - ......Started testcase 2 .........
2025-03-20 14:52:06 [main] INFO  Utils - [TestNG] Running:
  C:\Users\HARISH\eclipse-workspace\Opencart123\src\main\resources\Mastersuit.xml

2025-03-20 14:52:13 [main] INFO  tc001_registerationtest - Starting tc001...
2025-03-20 14:52:14 [main] INFO  tc001_registerationtest - Selecting radio button and accepting terms
2025-03-20 14:52:15 [main] INFO  tc001_registerationtest - Ending tc001...
2025-03-20 14:52:21 [main] INFO  tc002_Login - ......Started testcase 2 .........
2025-03-20 14:53:26 [main] INFO  Utils - [TestNG] Running:
  C:\Users\HARISH\eclipse-workspace\Opencart123\src\main\resources\Mastersuit.xml

2025-03-20 14:53:32 [main] INFO  tc001_registerationtest - Starting tc001...
2025-03-20 14:53:33 [main] INFO  tc001_registerationtest - Selecting radio button and accepting terms
2025-03-20 14:53:34 [main] INFO  tc001_registerationtest - Ending tc001...
2025-03-20 14:53:41 [main] INFO  tc002_Login - ......Started testcase 2 .........
2025-03-20 14:55:12 [main] INFO  Utils - [TestNG] Running:
  C:\Users\HARISH\eclipse-workspace\Opencart123\src\main\resources\Mastersuit.xml

2025-03-20 14:55:18 [main] INFO  tc001_registerationtest - Starting tc001...
2025-03-20 14:55:19 [main] INFO  tc001_registerationtest - Selecting radio button and accepting terms
2025-03-20 14:55:20 [main] INFO  tc001_registerationtest - Ending tc001...
2025-03-20 14:55:28 [main] INFO  tc002_Login - ......Started testcase 2 .........
2025-03-20 14:57:35 [main] INFO  Utils - [TestNG] Running:
  C:\Users\HARISH\eclipse-workspace\Opencart123\src\main\resources\Mastersuit.xml

2025-03-20 14:57:42 [main] INFO  tc001_registerationtest - Starting tc001...
2025-03-20 14:57:43 [main] INFO  tc001_registerationtest - Selecting radio button and accepting terms
2025-03-20 14:57:44 [main] INFO  tc001_registerationtest - Ending tc001...
2025-03-20 14:57:51 [main] INFO  tc002_Login - ......Started testcase 2 .........
2025-03-20 15:00:10 [main] INFO  Utils - [TestNG] Running:
  C:\Users\HARISH\eclipse-workspace\Opencart123\src\main\resources\Mastersuit.xml

2025-03-20 15:00:16 [main] INFO  tc001_registerationtest - Starting tc001...
2025-03-20 15:00:17 [main] INFO  tc001_registerationtest - Selecting radio button and accepting terms
2025-03-20 15:00:19 [main] INFO  tc001_registerationtest - Ending tc001...
2025-03-20 15:00:26 [main] INFO  tc002_Login - ......Started testcase 2 .........
2025-03-20 16:09:37 [main] INFO  Utils - [TestNG] Running:
  C:\Users\HARISH\eclipse-workspace\Opencart123\src\main\resources\Mastersuit.xml

2025-03-20 16:10:48 [main] INFO  Utils - [TestNG] Running:
  C:\Users\HARISH\eclipse-workspace\Opencart123\src\main\resources\Mastersuit.xml

2025-03-20 16:13:40 [main] INFO  Utils - [TestNG] Running:
  C:\Users\HARISH\eclipse-workspace\Opencart123\src\main\resources\Mastersuit.xml

2025-03-20 16:15:54 [main] INFO  Utils - [TestNG] Running:
  C:\Users\HARISH\eclipse-workspace\Opencart123\src\main\resources\Mastersuit.xml

2025-03-20 16:24:21 [main] INFO  Utils - [TestNG] Running:
  C:\Users\HARISH\eclipse-workspace\Opencart123\src\main\resources\Mastersuit.xml

2025-03-20 16:24:26 [main] INFO  tc001_registerationtest - Starting tc001...
2025-03-20 16:24:28 [main] INFO  tc001_registerationtest - Selecting radio button and accepting terms
2025-03-20 16:24:29 [main] INFO  tc001_registerationtest - Ending tc001...
2025-03-20 16:24:31 [main] INFO  tc002_Login - ......Started testcase 2 .........
2025-03-20 16:25:04 [main] INFO  Utils - [TestNG] Running:
  C:\Users\HARISH\eclipse-workspace\Opencart123\src\main\resources\Mastersuit.xml

2025-03-20 16:25:08 [main] INFO  tc001_registerationtest - Starting tc001...
2025-03-20 16:25:10 [main] INFO  tc001_registerationtest - Selecting radio button and accepting terms
2025-03-20 16:25:11 [main] INFO  tc001_registerationtest - Ending tc001...
2025-03-20 16:25:13 [main] INFO  tc002_Login - ......Started testcase 2 .........
2025-03-20 16:29:21 [main] INFO  Utils - [TestNG] Running:
  C:\Users\HARISH\eclipse-workspace\Opencart123\src\main\resources\Mastersuit.xml

2025-03-20 16:29:25 [main] INFO  tc001_registerationtest - Starting tc001...
2025-03-20 16:29:27 [main] INFO  tc001_registerationtest - Selecting radio button and accepting terms
2025-03-20 16:29:28 [main] INFO  tc001_registerationtest - Ending tc001...
2025-03-20 16:29:31 [main] INFO  tc002_Login - ......Started testcase 2 .........
2025-03-20 16:30:56 [main] INFO  Utils - [TestNG] Running:
  C:\Users\HARISH\eclipse-workspace\Opencart123\src\main\resources\Mastersuit.xml

2025-03-20 16:34:30 [main] INFO  Utils - [TestNG] Running:
  C:\Users\HARISH\eclipse-workspace\Opencart123\src\main\resources\Crossbrowsertesting.xml

2025-03-20 16:36:54 [main] INFO  Utils - [TestNG] Running:
  C:\Users\HARISH\eclipse-workspace\Opencart123\src\main\resources\Mastersuit.xml

